hap	+?

tajna	+?

hap	+?

atsina	+?

ta	+?

lhey.	+?

raquel	+?

recurson	+?

aturales.hap	+?

makta	+?

oyame	+?

na	+?

chi	+?

amel	+?

lehuminche	+?

wet	+?

is	+?

tat.	+?

hap	+?

ta	+?

oyame	+?

wet	+?

olham	+?

oyenek.	+?

kamaj	+?

otujlhache	+?

tat	+?

ta	+?

oyenlhi	+?

hap	+?

gestiones	+?

ta	+?

otalhe	+?

hap	+?

proyecto	+?

ta	+?

ihi	+?

recurso	+?

wet	+?

olham	+?

ofwita	+?

chi	+?

is	+?

makta	+?

owoye	+?

wet	+?

olham	+?

oyenlhi	+?

la.	+?

hap	+?

alambrado	+?

ta	+?

wuj	+?

100h	+?

wet	+?

oyenlhila	+?

hap	+?

honat	+?

wet	+?

chi	+?

paj	+?

wet	+?

otetsan	+?

hap	+?

honat	+?

wet	+?

otetsanila	+?

hap	+?

halai	+?

chi	+?

kamaj	+?

iche	+?

pia	+?

hap	+?

halai	+?

ta	+?

amel	+?

lhamel	+?

ta	+?

tatai.	+?

amel	+?

lhame	+?

ta	+?

tatai	+?

hap	+?

hup	+?

wet	+?

halai	+?

ta	+?

amel	+?

ak.	+?

lhai	+?

hap	+?

ta	+?

owo	+?

estudiaya.	+?

tajna	+?

hap	+?

ta	+?

ochumet	+?

tajna.haptajna	+?

makta	+?

oyame	+?

ta	+?

owel	+?

amohen	<3SUB>amo<V><3OBJ><Pl>

wet	+?

chi	+?

okalhi	+?

hap	+?

makta	+?

oyame	+?

wet	+?

oyenilhila.	+?

tajna	+?

wet	+?

ischi	+?

amel	+?

lhenlhi	+?

hap	+?

makta	+?

kelhaj	+?

hap	+?

kisak	+?

is	+?

alhoho	+?

makta	+?

